  Compiling CUDA source file PathTracer.cu...
  Compiling CUDA source file Hittable.cu...
  Compiling CUDA source file HittableVector.cu...
  Compiling CUDA source file Material.cu...
  Compiling CUDA source file Ray.cu...
  Compiling CUDA source file Camera.cu...
  Compiling CUDA source file Sphere.cu...
  Compiling CUDA source file Utils.cu...
  
  C:\Users\saldavonschwartz\Desktop\workspace\pathTracer\VisualStudio\pathTracer>"C:\Program Files\NVIDIA GPU Computing Toolkit\CUDA\v10.2\bin\nvcc.exe" -gencode=arch=compute_30,code=\"sm_30,compute_30\" --use-local-env -ccbin "C:\Program Files (x86)\Microsoft Visual Studio\2017\Community\VC\Tools\MSVC\14.16.27023\bin\HostX86\x64" -x cu -rdc=true -I.\ext\glm -I"C:\Program Files\NVIDIA GPU Computing Toolkit\CUDA\v10.2\include" -I"C:\Program Files\NVIDIA GPU Computing Toolkit\CUDA\v10.2\include"     --keep-dir x64\Release -maxrregcount=0  --machine 64 --compile -cudart static     -DWIN32 -DWIN64 -DNDEBUG -D_CONSOLE -D_MBCS -Xcompiler "/EHsc /W3 /nologo /O2 /Fdx64\Release\vc141.pdb /FS /Zi  /MD " -o x64\Release\PathTracer.cu.obj "C:\Users\saldavonschwartz\Desktop\workspace\pathTracer\VisualStudio\pathTracer\PathTracer.cu" 
  
  C:\Users\saldavonschwartz\Desktop\workspace\pathTracer\VisualStudio\pathTracer>"C:\Program Files\NVIDIA GPU Computing Toolkit\CUDA\v10.2\bin\nvcc.exe" -gencode=arch=compute_30,code=\"sm_30,compute_30\" --use-local-env -ccbin "C:\Program Files (x86)\Microsoft Visual Studio\2017\Community\VC\Tools\MSVC\14.16.27023\bin\HostX86\x64" -x cu -rdc=true -I.\ext\glm -I"C:\Program Files\NVIDIA GPU Computing Toolkit\CUDA\v10.2\include" -I"C:\Program Files\NVIDIA GPU Computing Toolkit\CUDA\v10.2\include"     --keep-dir x64\Release -maxrregcount=0  --machine 64 --compile -cudart static     -DWIN32 -DWIN64 -DNDEBUG -D_CONSOLE -D_MBCS -Xcompiler "/EHsc /W3 /nologo /O2 /Fdx64\Release\vc141.pdb /FS /Zi  /MD " -o x64\Release\Ray.cu.obj "C:\Users\saldavonschwartz\Desktop\workspace\pathTracer\VisualStudio\pathTracer\Ray.cu" 
  
  C:\Users\saldavonschwartz\Desktop\workspace\pathTracer\VisualStudio\pathTracer>"C:\Program Files\NVIDIA GPU Computing Toolkit\CUDA\v10.2\bin\nvcc.exe" -gencode=arch=compute_30,code=\"sm_30,compute_30\" --use-local-env -ccbin "C:\Program Files (x86)\Microsoft Visual Studio\2017\Community\VC\Tools\MSVC\14.16.27023\bin\HostX86\x64" -x cu -rdc=true -I.\ext\glm -I"C:\Program Files\NVIDIA GPU Computing Toolkit\CUDA\v10.2\include" -I"C:\Program Files\NVIDIA GPU Computing Toolkit\CUDA\v10.2\include"     --keep-dir x64\Release -maxrregcount=0  --machine 64 --compile -cudart static     -DWIN32 -DWIN64 -DNDEBUG -D_CONSOLE -D_MBCS -Xcompiler "/EHsc /W3 /nologo /O2 /Fdx64\Release\vc141.pdb /FS /Zi  /MD " -o x64\Release\HittableVector.cu.obj "C:\Users\saldavonschwartz\Desktop\workspace\pathTracer\VisualStudio\pathTracer\HittableVector.cu" 
  
  C:\Users\saldavonschwartz\Desktop\workspace\pathTracer\VisualStudio\pathTracer>"C:\Program Files\NVIDIA GPU Computing Toolkit\CUDA\v10.2\bin\nvcc.exe" -gencode=arch=compute_30,code=\"sm_30,compute_30\" --use-local-env -ccbin "C:\Program Files (x86)\Microsoft Visual Studio\2017\Community\VC\Tools\MSVC\14.16.27023\bin\HostX86\x64" -x cu -rdc=true -I.\ext\glm -I"C:\Program Files\NVIDIA GPU Computing Toolkit\CUDA\v10.2\include" -I"C:\Program Files\NVIDIA GPU Computing Toolkit\CUDA\v10.2\include"     --keep-dir x64\Release -maxrregcount=0  --machine 64 --compile -cudart static     -DWIN32 -DWIN64 -DNDEBUG -D_CONSOLE -D_MBCS -Xcompiler "/EHsc /W3 /nologo /O2 /Fdx64\Release\vc141.pdb /FS /Zi  /MD " -o x64\Release\Material.cu.obj "C:\Users\saldavonschwartz\Desktop\workspace\pathTracer\VisualStudio\pathTracer\Material.cu" 
  
  C:\Users\saldavonschwartz\Desktop\workspace\pathTracer\VisualStudio\pathTracer>"C:\Program Files\NVIDIA GPU Computing Toolkit\CUDA\v10.2\bin\nvcc.exe" -gencode=arch=compute_30,code=\"sm_30,compute_30\" --use-local-env -ccbin "C:\Program Files (x86)\Microsoft Visual Studio\2017\Community\VC\Tools\MSVC\14.16.27023\bin\HostX86\x64" -x cu -rdc=true -I.\ext\glm -I"C:\Program Files\NVIDIA GPU Computing Toolkit\CUDA\v10.2\include" -I"C:\Program Files\NVIDIA GPU Computing Toolkit\CUDA\v10.2\include"     --keep-dir x64\Release -maxrregcount=0  --machine 64 --compile -cudart static     -DWIN32 -DWIN64 -DNDEBUG -D_CONSOLE -D_MBCS -Xcompiler "/EHsc /W3 /nologo /O2 /Fdx64\Release\vc141.pdb /FS /Zi  /MD " -o x64\Release\Utils.cu.obj "C:\Users\saldavonschwartz\Desktop\workspace\pathTracer\VisualStudio\pathTracer\Utils.cu" 
  
  C:\Users\saldavonschwartz\Desktop\workspace\pathTracer\VisualStudio\pathTracer>"C:\Program Files\NVIDIA GPU Computing Toolkit\CUDA\v10.2\bin\nvcc.exe" -gencode=arch=compute_30,code=\"sm_30,compute_30\" --use-local-env -ccbin "C:\Program Files (x86)\Microsoft Visual Studio\2017\Community\VC\Tools\MSVC\14.16.27023\bin\HostX86\x64" -x cu -rdc=true -I.\ext\glm -I"C:\Program Files\NVIDIA GPU Computing Toolkit\CUDA\v10.2\include" -I"C:\Program Files\NVIDIA GPU Computing Toolkit\CUDA\v10.2\include"     --keep-dir x64\Release -maxrregcount=0  --machine 64 --compile -cudart static     -DWIN32 -DWIN64 -DNDEBUG -D_CONSOLE -D_MBCS -Xcompiler "/EHsc /W3 /nologo /O2 /Fdx64\Release\vc141.pdb /FS /Zi  /MD " -o x64\Release\Hittable.cu.obj "C:\Users\saldavonschwartz\Desktop\workspace\pathTracer\VisualStudio\pathTracer\Hittable.cu" 
  
  C:\Users\saldavonschwartz\Desktop\workspace\pathTracer\VisualStudio\pathTracer>"C:\Program Files\NVIDIA GPU Computing Toolkit\CUDA\v10.2\bin\nvcc.exe" -gencode=arch=compute_30,code=\"sm_30,compute_30\" --use-local-env -ccbin "C:\Program Files (x86)\Microsoft Visual Studio\2017\Community\VC\Tools\MSVC\14.16.27023\bin\HostX86\x64" -x cu -rdc=true -I.\ext\glm -I"C:\Program Files\NVIDIA GPU Computing Toolkit\CUDA\v10.2\include" -I"C:\Program Files\NVIDIA GPU Computing Toolkit\CUDA\v10.2\include"     --keep-dir x64\Release -maxrregcount=0  --machine 64 --compile -cudart static     -DWIN32 -DWIN64 -DNDEBUG -D_CONSOLE -D_MBCS -Xcompiler "/EHsc /W3 /nologo /O2 /Fdx64\Release\vc141.pdb /FS /Zi  /MD " -o x64\Release\Sphere.cu.obj "C:\Users\saldavonschwartz\Desktop\workspace\pathTracer\VisualStudio\pathTracer\Sphere.cu" 
  
  C:\Users\saldavonschwartz\Desktop\workspace\pathTracer\VisualStudio\pathTracer>"C:\Program Files\NVIDIA GPU Computing Toolkit\CUDA\v10.2\bin\nvcc.exe" -gencode=arch=compute_30,code=\"sm_30,compute_30\" --use-local-env -ccbin "C:\Program Files (x86)\Microsoft Visual Studio\2017\Community\VC\Tools\MSVC\14.16.27023\bin\HostX86\x64" -x cu -rdc=true -I.\ext\glm -I"C:\Program Files\NVIDIA GPU Computing Toolkit\CUDA\v10.2\include" -I"C:\Program Files\NVIDIA GPU Computing Toolkit\CUDA\v10.2\include"     --keep-dir x64\Release -maxrregcount=0  --machine 64 --compile -cudart static     -DWIN32 -DWIN64 -DNDEBUG -D_CONSOLE -D_MBCS -Xcompiler "/EHsc /W3 /nologo /O2 /Fdx64\Release\vc141.pdb /FS /Zi  /MD " -o x64\Release\Camera.cu.obj "C:\Users\saldavonschwartz\Desktop\workspace\pathTracer\VisualStudio\pathTracer\Camera.cu" 
  Ray.cu
  Material.cu
  Camera.cu
  Hittable.cu
  Utils.cu
  HittableVector.cu
  Sphere.cu
  PathTracer.cu
  
  C:\Users\saldavonschwartz\Desktop\workspace\pathTracer\VisualStudio\pathTracer>"C:\Program Files\NVIDIA GPU Computing Toolkit\CUDA\v10.2\bin\nvcc.exe" -dlink -o x64\Release\pathTracer.device-link.obj -Xcompiler "/EHsc /W3 /nologo /O2 /Zi  /MD " -L"C:\Program Files\NVIDIA GPU Computing Toolkit\CUDA\v10.2\lib\x64" cudart_static.lib kernel32.lib user32.lib gdi32.lib winspool.lib comdlg32.lib advapi32.lib shell32.lib ole32.lib oleaut32.lib uuid.lib odbc32.lib odbccp32.lib  -gencode=arch=compute_30,code=sm_30  --machine 64 x64\Release\BVH.cu.obj x64\Release\Camera.cu.obj x64\Release\Hittable.cu.obj x64\Release\HittableVector.cu.obj x64\Release\main.cpp.obj x64\Release\Material.cu.obj x64\Release\PathTracer.cu.obj x64\Release\Ray.cu.obj x64\Release\Scene.cu.obj x64\Release\Sphere.cu.obj x64\Release\Utils.cu.obj 
CUDALINK : nvlink warning : Stack size for entry function '_Z11renderSceneP5gvec3iiP6CameraPP8HittableiiP17curandStateXORWOW' cannot be statically determined
CUDALINK : nvlink warning : Stack size for entry function '_Z9freeScenePP8Hittable' cannot be statically determined
CUDALINK : nvlink warning : Stack size for entry function '_Z9freeScenePP8Hittable' cannot be statically determined
  cudart_static.lib
  kernel32.lib
  user32.lib
  gdi32.lib
  winspool.lib
  comdlg32.lib
  advapi32.lib
  shell32.lib
  ole32.lib
  oleaut32.lib
  uuid.lib
  odbc32.lib
  odbccp32.lib
  BVH.cu.obj
  Camera.cu.obj
  Hittable.cu.obj
  HittableVector.cu.obj
  main.cpp.obj
  Material.cu.obj
  PathTracer.cu.obj
  Ray.cu.obj
  Scene.cu.obj
  Sphere.cu.obj
  Utils.cu.obj
     Creating library C:\Users\saldavonschwartz\Desktop\workspace\pathTracer\VisualStudio\pathTracer\x64\Release\pathTracer.lib and object C:\Users\saldavonschwartz\Desktop\workspace\pathTracer\VisualStudio\pathTracer\x64\Release\pathTracer.exp
  LINK : /LTCG specified but no code generation required; remove /LTCG from the link command line to improve linker performance
  pathTracer.vcxproj -> C:\Users\saldavonschwartz\Desktop\workspace\pathTracer\VisualStudio\pathTracer\x64\Release\pathTracer.exe
